<!DOCTYPE html PUBLIC "-//W3C//DTD XHTML 1.1//EN" "https://www.w3.org/TR/xhtml11/DTD/xhtml11.dtd">
<html xmlns="https://www.w3.org/1999/xhtml">
<head>
<meta charset='utf-8'>
<title>TestNG Report</title>
<style type="text/css">
table {margin-bottom:10px;border-collapse:collapse;empty-cells:show}
td,th {border:1px solid #009;padding:.25em .5em}
.result th {vertical-align:bottom}
.param th {padding-left:1em;padding-right:1em}
.param td {padding-left:.5em;padding-right:2em}
.stripe td,.stripe th {background-color: #E6EBF9}
.numi,.numi_attn {text-align:right}
.total td {font-weight:bold}
.passedodd td {background-color: #0A0}
.passedeven td {background-color: #3F3}
.skippedodd td {background-color: #CCC}
.skippedodd td {background-color: #DDD}
.failedodd td,.numi_attn {background-color: #F33}
.failedeven td,.stripe .numi_attn {background-color: #D00}
.stacktrace {white-space:pre;font-family:monospace}
.totop {font-size:85%;text-align:center;border-bottom:2px solid #000}
</style>
</head>
<body>
<table cellspacing="0" cellpadding="0" class="testOverview">
<tr><th>Test</th><th>Methods<br/>Passed</th><th>Scenarios<br/>Passed</th><th># skipped</th><th># failed</th><th>Total<br/>Time</th><th>Included<br/>Groups</th><th>Excluded<br/>Groups</th></tr>
<tr><td style="text-align:left;padding-right:2em"><a href="#t1"> Cubecart Customer Module UI Smoke Test One </a></td><td class="numi">2</td><td class="numi">2</td><td class="numi">0</td><td class="numi_attn">4</td><td class="numi">628.6 seconds</td><td class="numi"></td><td class="numi"></td></tr>
<tr class="stripe"><td style="text-align:left;padding-right:2em"><a href="#t2">Magento FrontEnd UI Checkout Order Functional Test</a></td><td class="numi">0</td><td class="numi">0</td><td class="numi">0</td><td class="numi_attn">4</td><td class="numi">916.2 seconds</td><td class="numi"></td><td class="numi"></td></tr>
<tr class="total"><td>Total</td>
<td class="numi">2</td><td class="numi">2</td><td class="numi">0</td><td class="numi_attn">8</td><td class="numi">1,544.8 seconds</td><td colspan="2">&nbsp;</td></tr>
</table>
<table cellspacing="0" cellpadding="0" class="methodOverview" id="summary">
<tr><th>Class</th><th>Method</th><th># of<br/>Scenarios</th><th>Start</th><th>Time<br/>(ms)</th></tr>
<tr id="t1"><th colspan="5"> Cubecart Customer Module UI Smoke Test One  &#8212; failed</th></tr>
<tr class="failedodd"><td rowspan="4">frontendtests.publicPageFunctionalTest</td><td><a href="#m1"><b>viewMyWishList</b>  ("A user should be able to view My wish list")</a></td><td class="numi">1</td><td>1701855457812</td><td class="numi">6431</td></tr><tr class="failedodd"><td><a href="#m2"><b>loginToAccount</b>  ("A registered user can login to His/Her Account with valid credentials")</a></td><td class="numi">1</td><td>1701855246015</td><td class="numi">200834</td></tr><tr class="failedodd"><td><a href="#m3"><b>publicUserCreateAccount</b>  ("A user should be able to create an account")</a></td><td class="numi">1</td><td>1701855045606</td><td class="numi">200402</td></tr><tr class="failedodd"><td><a href="#m4"><b>checkoutOrder</b>  ("A user should be able to check out the order")</a></td><td class="numi">1</td><td>1701855464244</td><td class="numi">200292</td></tr>
<tr><th colspan="5"> Cubecart Customer Module UI Smoke Test One  &#8212; passed</th></tr>
<tr class="passedodd"><td rowspan="2">frontendtests.publicPageFunctionalTest</td><td><a href="#m5"><b>addProductToShoppingCart</b>  ("A user should be able to add products to shopping cart")</a></td><td class="numi">1</td><td>1701855446851</td><td class="numi">10960</td></tr><tr class="passedodd"><td><a href="#m6"><b>seeNewsLetter</b>  ("A user should see News Letter Subscriptions Link and contents.")</a></td><td class="numi">1</td><td>1701855042522</td><td class="numi">3083</td></tr>
<tr id="t2"><th colspan="5">Magento FrontEnd UI Checkout Order Functional Test &#8212; failed</th></tr>
<tr class="failedodd"><td rowspan="4">frontendtests.CheckoutOrderFunctionalTest</td><td><a href="#m7"><b>checkoutMyOrderAndRegister</b>  ("A new user checkouts as register")</a></td><td class="numi">1</td><td>1701855670823</td><td class="numi">203307</td></tr><tr class="failedodd"><td><a href="#m8"><b>checkoutOrderAsGuest</b>  ("A user can checkout his/her order as a guest")</a></td><td class="numi">1</td><td>1701856377127</td><td class="numi">203708</td></tr><tr class="failedodd"><td><a href="#m9"><b>checkoutOrderAfterNewlyRegister</b>  ("A registered user who has not updated address book can check out order ")</a></td><td class="numi">1</td><td>1701856176572</td><td class="numi">200551</td></tr><tr class="failedodd"><td><a href="#m10"><b>checkoutOrderAfterLogin</b>  ("A registered user with updated address book can check out order by retrieving info from address book")</a></td><td class="numi">1</td><td>1701855874132</td><td class="numi">302436</td></tr>
</table>
<h1> Cubecart Customer Module UI Smoke Test One </h1>
<h2 id="m1">frontendtests.publicPageFunctionalTest:viewMyWishList</h2>
<div>
<div class="stacktrace">java.lang.AssertionError: expected [true] but found [false]
    at frontendtests.publicPageFunctionalTest.viewMyWishList(publicPageFunctionalTest.java:68)
    at java.base/java.util.ArrayList.forEach(ArrayList.java:1511)
    at com.intellij.rt.testng.IDEARemoteTestNG.run(IDEARemoteTestNG.java:66)
    at com.intellij.rt.testng.RemoteTestNGStarter.main(RemoteTestNGStarter.java:109)
    ... Removed 28 stack frames</div>
</div>
<p class="totop"><a href="#summary">back to summary</a></p>
<h2 id="m2">frontendtests.publicPageFunctionalTest:loginToAccount</h2>
<div>
<div class="stacktrace">org.openqa.selenium.TimeoutException: Expected condition failed: waiting for visibility of Proxy
    element for: DefaultElementLocator &apos;By.xpath: //*[@id=&apos;email&apos;]&apos; (tried for 200 second(s) with
    500 milliseconds interval)
    at org.openqa.selenium.support.ui.WebDriverWait.timeoutException(WebDriverWait.java:84)
    at org.openqa.selenium.support.ui.FluentWait.until(FluentWait.java:229)
    at com.unitedcoder.commonuse.FunctionLibrary.waitForElementPresent(FunctionLibrary.java:38)
    at com.unitedcoder.frontend.PublicPage.loginToAccount(PublicPage.java:184)
    at frontendtests.publicPageFunctionalTest.loginToAccount(publicPageFunctionalTest.java:49)
    at java.base/java.util.ArrayList.forEach(ArrayList.java:1511)
    at com.intellij.rt.testng.IDEARemoteTestNG.run(IDEARemoteTestNG.java:66)
    at com.intellij.rt.testng.RemoteTestNGStarter.main(RemoteTestNGStarter.java:109)
    Caused by: org.openqa.selenium.NoSuchElementException: no such element: Unable to locate element: {&quot;method&quot;:&quot;xpath&quot;,&quot;selector&quot;:&quot;//*[@id=&apos;email&apos;]&quot;}
    (Session info: chrome=120.0.6099.62)
    For documentation on this error, please visit:
    https://www.selenium.dev/documentation/webdriver/troubleshooting/errors#no-such-element-exception
    Build info: version: &apos;4.15.0&apos;, revision: &apos;1d14b5521b&apos;
    System info: os.name: &apos;Mac OS X&apos;, os.arch: &apos;aarch64&apos;, os.version: &apos;13.4.1&apos;,
    java.version: &apos;17.0.6&apos;
    Driver info: org.openqa.selenium.chrome.ChromeDriver
    Command: [7e88916525354987d571463c26daec2c, findElement {using=xpath, value=//*[@id=&apos;email&apos;]}]
    Capabilities {acceptInsecureCerts: false, browserName: chrome, browserVersion: 120.0.6099.62, chrome:
    {chromedriverVersion: 120.0.6099.62 (93ab19d804d4..., userDataDir: /var/folders/88/ygc28wfx1hb...}, fedcm:accounts:
    true, goog:chromeOptions: {debuggerAddress: localhost:53569}, networkConnectionEnabled: false, pageLoadStrategy:
    normal, platformName: mac, proxy: Proxy(), se:cdp: ws://localhost:53569/devtoo..., se:cdpVersion: 120.0.6099.62,
    setWindowRect: true, strictFileInteractability: false, timeouts: {implicit: 0, pageLoad: 300000, script: 30000},
    unhandledPromptBehavior: dismiss and notify, webauthn:extension:credBlob: true, webauthn:extension:largeBlob: true,
    webauthn:extension:minPinLength: true, webauthn:extension:prf: true, webauthn:virtualAuthenticators: true}
    Session ID: 7e88916525354987d571463c26daec2c
    at org.openqa.selenium.remote.codec.w3c.W3CHttpResponseCodec.createException(W3CHttpResponseCodec.java:200)
    at org.openqa.selenium.remote.codec.w3c.W3CHttpResponseCodec.decode(W3CHttpResponseCodec.java:133)
    at org.openqa.selenium.remote.codec.w3c.W3CHttpResponseCodec.decode(W3CHttpResponseCodec.java:52)
    at org.openqa.selenium.remote.HttpCommandExecutor.execute(HttpCommandExecutor.java:191)
    at org.openqa.selenium.remote.service.DriverCommandExecutor.invokeExecute(DriverCommandExecutor.java:200)
    at org.openqa.selenium.remote.service.DriverCommandExecutor.execute(DriverCommandExecutor.java:175)
    at org.openqa.selenium.remote.RemoteWebDriver.execute(RemoteWebDriver.java:607)
    at org.openqa.selenium.remote.ElementLocation$ElementFinder$2.findElement(ElementLocation.java:165)
    at org.openqa.selenium.remote.ElementLocation.findElement(ElementLocation.java:59)
    at org.openqa.selenium.remote.RemoteWebDriver.findElement(RemoteWebDriver.java:364)
    at org.openqa.selenium.remote.RemoteWebDriver.findElement(RemoteWebDriver.java:358)
    at org.openqa.selenium.support.pagefactory.DefaultElementLocator.findElement(DefaultElementLocator.java:68)
    at org.openqa.selenium.support.pagefactory.internal.LocatingElementHandler.invoke(LocatingElementHandler.java:38)
    at jdk.proxy2/jdk.proxy2.$Proxy11.isDisplayed(Unknown Source)
    at org.openqa.selenium.support.ui.ExpectedConditions.elementIfVisible(ExpectedConditions.java:304)
    at org.openqa.selenium.support.ui.ExpectedConditions$10.apply(ExpectedConditions.java:290)
    at org.openqa.selenium.support.ui.ExpectedConditions$10.apply(ExpectedConditions.java:287)
    at org.openqa.selenium.support.ui.FluentWait.until(FluentWait.java:204)
    ... 30 more
    ... Removed 28 stack frames</div>
</div>
<p class="totop"><a href="#summary">back to summary</a></p>
<h2 id="m3">frontendtests.publicPageFunctionalTest:publicUserCreateAccount</h2>
<div>
<div class="stacktrace">org.openqa.selenium.TimeoutException: Expected condition failed: waiting for visibility of Proxy
    element for: DefaultElementLocator &apos;By.id: firstname&apos; (tried for 200 second(s) with 500 milliseconds
    interval)
    at org.openqa.selenium.support.ui.WebDriverWait.timeoutException(WebDriverWait.java:84)
    at org.openqa.selenium.support.ui.FluentWait.until(FluentWait.java:229)
    at com.unitedcoder.commonuse.FunctionLibrary.waitForElementPresent(FunctionLibrary.java:38)
    at com.unitedcoder.frontend.PublicPage.createAccount(PublicPage.java:195)
    at frontendtests.publicPageFunctionalTest.publicUserCreateAccount(publicPageFunctionalTest.java:38)
    at java.base/java.util.ArrayList.forEach(ArrayList.java:1511)
    at com.intellij.rt.testng.IDEARemoteTestNG.run(IDEARemoteTestNG.java:66)
    at com.intellij.rt.testng.RemoteTestNGStarter.main(RemoteTestNGStarter.java:109)
    Caused by: org.openqa.selenium.NoSuchElementException: no such element: Unable to locate element: {&quot;method&quot;:&quot;css
    selector&quot;,&quot;selector&quot;:&quot;#firstname&quot;}
    (Session info: chrome=120.0.6099.62)
    For documentation on this error, please visit:
    https://www.selenium.dev/documentation/webdriver/troubleshooting/errors#no-such-element-exception
    Build info: version: &apos;4.15.0&apos;, revision: &apos;1d14b5521b&apos;
    System info: os.name: &apos;Mac OS X&apos;, os.arch: &apos;aarch64&apos;, os.version: &apos;13.4.1&apos;,
    java.version: &apos;17.0.6&apos;
    Driver info: org.openqa.selenium.chrome.ChromeDriver
    Command: [7e88916525354987d571463c26daec2c, findElement {using=id, value=firstname}]
    Capabilities {acceptInsecureCerts: false, browserName: chrome, browserVersion: 120.0.6099.62, chrome:
    {chromedriverVersion: 120.0.6099.62 (93ab19d804d4..., userDataDir: /var/folders/88/ygc28wfx1hb...}, fedcm:accounts:
    true, goog:chromeOptions: {debuggerAddress: localhost:53569}, networkConnectionEnabled: false, pageLoadStrategy:
    normal, platformName: mac, proxy: Proxy(), se:cdp: ws://localhost:53569/devtoo..., se:cdpVersion: 120.0.6099.62,
    setWindowRect: true, strictFileInteractability: false, timeouts: {implicit: 0, pageLoad: 300000, script: 30000},
    unhandledPromptBehavior: dismiss and notify, webauthn:extension:credBlob: true, webauthn:extension:largeBlob: true,
    webauthn:extension:minPinLength: true, webauthn:extension:prf: true, webauthn:virtualAuthenticators: true}
    Session ID: 7e88916525354987d571463c26daec2c
    at org.openqa.selenium.remote.codec.w3c.W3CHttpResponseCodec.createException(W3CHttpResponseCodec.java:200)
    at org.openqa.selenium.remote.codec.w3c.W3CHttpResponseCodec.decode(W3CHttpResponseCodec.java:133)
    at org.openqa.selenium.remote.codec.w3c.W3CHttpResponseCodec.decode(W3CHttpResponseCodec.java:52)
    at org.openqa.selenium.remote.HttpCommandExecutor.execute(HttpCommandExecutor.java:191)
    at org.openqa.selenium.remote.service.DriverCommandExecutor.invokeExecute(DriverCommandExecutor.java:200)
    at org.openqa.selenium.remote.service.DriverCommandExecutor.execute(DriverCommandExecutor.java:175)
    at org.openqa.selenium.remote.RemoteWebDriver.execute(RemoteWebDriver.java:607)
    at org.openqa.selenium.remote.ElementLocation$ElementFinder$2.findElement(ElementLocation.java:165)
    at org.openqa.selenium.remote.ElementLocation.findElement(ElementLocation.java:59)
    at org.openqa.selenium.remote.RemoteWebDriver.findElement(RemoteWebDriver.java:364)
    at org.openqa.selenium.remote.RemoteWebDriver.findElement(RemoteWebDriver.java:358)
    at org.openqa.selenium.support.pagefactory.DefaultElementLocator.findElement(DefaultElementLocator.java:68)
    at org.openqa.selenium.support.pagefactory.internal.LocatingElementHandler.invoke(LocatingElementHandler.java:38)
    at jdk.proxy2/jdk.proxy2.$Proxy11.isDisplayed(Unknown Source)
    at org.openqa.selenium.support.ui.ExpectedConditions.elementIfVisible(ExpectedConditions.java:304)
    at org.openqa.selenium.support.ui.ExpectedConditions$10.apply(ExpectedConditions.java:290)
    at org.openqa.selenium.support.ui.ExpectedConditions$10.apply(ExpectedConditions.java:287)
    at org.openqa.selenium.support.ui.FluentWait.until(FluentWait.java:204)
    ... 30 more
    ... Removed 28 stack frames</div>
</div>
<p class="totop"><a href="#summary">back to summary</a></p>
<h2 id="m4">frontendtests.publicPageFunctionalTest:checkoutOrder</h2>
<div>
<div class="stacktrace">org.openqa.selenium.TimeoutException: Expected condition failed: waiting for visibility of Proxy
    element for: DefaultElementLocator &apos;By.xpath: //*[@id=&apos;email&apos;]&apos; (tried for 200 second(s) with
    500 milliseconds interval)
    at org.openqa.selenium.support.ui.WebDriverWait.timeoutException(WebDriverWait.java:84)
    at org.openqa.selenium.support.ui.FluentWait.until(FluentWait.java:229)
    at com.unitedcoder.commonuse.FunctionLibrary.waitForElementPresent(FunctionLibrary.java:38)
    at com.unitedcoder.frontend.PublicPage.loginToAccount(PublicPage.java:184)
    at frontendtests.publicPageFunctionalTest.checkoutOrder(publicPageFunctionalTest.java:76)
    at java.base/java.util.ArrayList.forEach(ArrayList.java:1511)
    at com.intellij.rt.testng.IDEARemoteTestNG.run(IDEARemoteTestNG.java:66)
    at com.intellij.rt.testng.RemoteTestNGStarter.main(RemoteTestNGStarter.java:109)
    Caused by: org.openqa.selenium.NoSuchElementException: no such element: Unable to locate element: {&quot;method&quot;:&quot;xpath&quot;,&quot;selector&quot;:&quot;//*[@id=&apos;email&apos;]&quot;}
    (Session info: chrome=120.0.6099.62)
    For documentation on this error, please visit:
    https://www.selenium.dev/documentation/webdriver/troubleshooting/errors#no-such-element-exception
    Build info: version: &apos;4.15.0&apos;, revision: &apos;1d14b5521b&apos;
    System info: os.name: &apos;Mac OS X&apos;, os.arch: &apos;aarch64&apos;, os.version: &apos;13.4.1&apos;,
    java.version: &apos;17.0.6&apos;
    Driver info: org.openqa.selenium.chrome.ChromeDriver
    Command: [7e88916525354987d571463c26daec2c, findElement {using=xpath, value=//*[@id=&apos;email&apos;]}]
    Capabilities {acceptInsecureCerts: false, browserName: chrome, browserVersion: 120.0.6099.62, chrome:
    {chromedriverVersion: 120.0.6099.62 (93ab19d804d4..., userDataDir: /var/folders/88/ygc28wfx1hb...}, fedcm:accounts:
    true, goog:chromeOptions: {debuggerAddress: localhost:53569}, networkConnectionEnabled: false, pageLoadStrategy:
    normal, platformName: mac, proxy: Proxy(), se:cdp: ws://localhost:53569/devtoo..., se:cdpVersion: 120.0.6099.62,
    setWindowRect: true, strictFileInteractability: false, timeouts: {implicit: 0, pageLoad: 300000, script: 30000},
    unhandledPromptBehavior: dismiss and notify, webauthn:extension:credBlob: true, webauthn:extension:largeBlob: true,
    webauthn:extension:minPinLength: true, webauthn:extension:prf: true, webauthn:virtualAuthenticators: true}
    Session ID: 7e88916525354987d571463c26daec2c
    at org.openqa.selenium.remote.codec.w3c.W3CHttpResponseCodec.createException(W3CHttpResponseCodec.java:200)
    at org.openqa.selenium.remote.codec.w3c.W3CHttpResponseCodec.decode(W3CHttpResponseCodec.java:133)
    at org.openqa.selenium.remote.codec.w3c.W3CHttpResponseCodec.decode(W3CHttpResponseCodec.java:52)
    at org.openqa.selenium.remote.HttpCommandExecutor.execute(HttpCommandExecutor.java:191)
    at org.openqa.selenium.remote.service.DriverCommandExecutor.invokeExecute(DriverCommandExecutor.java:200)
    at org.openqa.selenium.remote.service.DriverCommandExecutor.execute(DriverCommandExecutor.java:175)
    at org.openqa.selenium.remote.RemoteWebDriver.execute(RemoteWebDriver.java:607)
    at org.openqa.selenium.remote.ElementLocation$ElementFinder$2.findElement(ElementLocation.java:165)
    at org.openqa.selenium.remote.ElementLocation.findElement(ElementLocation.java:59)
    at org.openqa.selenium.remote.RemoteWebDriver.findElement(RemoteWebDriver.java:364)
    at org.openqa.selenium.remote.RemoteWebDriver.findElement(RemoteWebDriver.java:358)
    at org.openqa.selenium.support.pagefactory.DefaultElementLocator.findElement(DefaultElementLocator.java:68)
    at org.openqa.selenium.support.pagefactory.internal.LocatingElementHandler.invoke(LocatingElementHandler.java:38)
    at jdk.proxy2/jdk.proxy2.$Proxy11.isDisplayed(Unknown Source)
    at org.openqa.selenium.support.ui.ExpectedConditions.elementIfVisible(ExpectedConditions.java:304)
    at org.openqa.selenium.support.ui.ExpectedConditions$10.apply(ExpectedConditions.java:290)
    at org.openqa.selenium.support.ui.ExpectedConditions$10.apply(ExpectedConditions.java:287)
    at org.openqa.selenium.support.ui.FluentWait.until(FluentWait.java:204)
    ... 30 more
    ... Removed 28 stack frames</div>
</div>
<p class="totop"><a href="#summary">back to summary</a></p>
<h2 id="m5">frontendtests.publicPageFunctionalTest:addProductToShoppingCart</h2>
<p class="totop"><a href="#summary">back to summary</a></p>
<h2 id="m6">frontendtests.publicPageFunctionalTest:seeNewsLetter</h2>
<p class="totop"><a href="#summary">back to summary</a></p>
<h1>Magento FrontEnd UI Checkout Order Functional Test</h1>
<h2 id="m7">frontendtests.CheckoutOrderFunctionalTest:checkoutMyOrderAndRegister</h2>
<div>
<div class="stacktrace">org.openqa.selenium.TimeoutException: Expected condition failed: waiting for visibility of Proxy
    element for: DefaultElementLocator &apos;By.id: onepage-guest-register-button&apos; (tried for 200 second(s) with
    500 milliseconds interval)
    at org.openqa.selenium.support.ui.WebDriverWait.timeoutException(WebDriverWait.java:84)
    at org.openqa.selenium.support.ui.FluentWait.until(FluentWait.java:229)
    at com.unitedcoder.commonuse.FunctionLibrary.waitForElementPresent(FunctionLibrary.java:38)
    at com.unitedcoder.frontend.PublicPage.selectCheckoutMethod(PublicPage.java:292)
    at frontendtests.CheckoutOrderFunctionalTest.checkoutMyOrderAndRegister(CheckoutOrderFunctionalTest.java:36)
    at java.base/java.util.ArrayList.forEach(ArrayList.java:1511)
    at com.intellij.rt.testng.IDEARemoteTestNG.run(IDEARemoteTestNG.java:66)
    at com.intellij.rt.testng.RemoteTestNGStarter.main(RemoteTestNGStarter.java:109)
    Caused by: org.openqa.selenium.NoSuchElementException: no such element: Unable to locate element: {&quot;method&quot;:&quot;css
    selector&quot;,&quot;selector&quot;:&quot;#onepage\-guest\-register\-button&quot;}
    (Session info: chrome=120.0.6099.62)
    For documentation on this error, please visit:
    https://www.selenium.dev/documentation/webdriver/troubleshooting/errors#no-such-element-exception
    Build info: version: &apos;4.15.0&apos;, revision: &apos;1d14b5521b&apos;
    System info: os.name: &apos;Mac OS X&apos;, os.arch: &apos;aarch64&apos;, os.version: &apos;13.4.1&apos;,
    java.version: &apos;17.0.6&apos;
    Driver info: org.openqa.selenium.chrome.ChromeDriver
    Command: [2ceed95841d1efff13d405334e4eaa8e, findElement {using=id, value=onepage-guest-register-button}]
    Capabilities {acceptInsecureCerts: false, browserName: chrome, browserVersion: 120.0.6099.62, chrome:
    {chromedriverVersion: 120.0.6099.62 (93ab19d804d4..., userDataDir: /var/folders/88/ygc28wfx1hb...}, fedcm:accounts:
    true, goog:chromeOptions: {debuggerAddress: localhost:53611}, networkConnectionEnabled: false, pageLoadStrategy:
    normal, platformName: mac, proxy: Proxy(), se:cdp: ws://localhost:53611/devtoo..., se:cdpVersion: 120.0.6099.62,
    setWindowRect: true, strictFileInteractability: false, timeouts: {implicit: 0, pageLoad: 300000, script: 30000},
    unhandledPromptBehavior: dismiss and notify, webauthn:extension:credBlob: true, webauthn:extension:largeBlob: true,
    webauthn:extension:minPinLength: true, webauthn:extension:prf: true, webauthn:virtualAuthenticators: true}
    Session ID: 2ceed95841d1efff13d405334e4eaa8e
    at org.openqa.selenium.remote.codec.w3c.W3CHttpResponseCodec.createException(W3CHttpResponseCodec.java:200)
    at org.openqa.selenium.remote.codec.w3c.W3CHttpResponseCodec.decode(W3CHttpResponseCodec.java:133)
    at org.openqa.selenium.remote.codec.w3c.W3CHttpResponseCodec.decode(W3CHttpResponseCodec.java:52)
    at org.openqa.selenium.remote.HttpCommandExecutor.execute(HttpCommandExecutor.java:191)
    at org.openqa.selenium.remote.service.DriverCommandExecutor.invokeExecute(DriverCommandExecutor.java:200)
    at org.openqa.selenium.remote.service.DriverCommandExecutor.execute(DriverCommandExecutor.java:175)
    at org.openqa.selenium.remote.RemoteWebDriver.execute(RemoteWebDriver.java:607)
    at org.openqa.selenium.remote.ElementLocation$ElementFinder$2.findElement(ElementLocation.java:165)
    at org.openqa.selenium.remote.ElementLocation.findElement(ElementLocation.java:59)
    at org.openqa.selenium.remote.RemoteWebDriver.findElement(RemoteWebDriver.java:364)
    at org.openqa.selenium.remote.RemoteWebDriver.findElement(RemoteWebDriver.java:358)
    at org.openqa.selenium.support.pagefactory.DefaultElementLocator.findElement(DefaultElementLocator.java:68)
    at org.openqa.selenium.support.pagefactory.internal.LocatingElementHandler.invoke(LocatingElementHandler.java:38)
    at jdk.proxy2/jdk.proxy2.$Proxy11.isDisplayed(Unknown Source)
    at org.openqa.selenium.support.ui.ExpectedConditions.elementIfVisible(ExpectedConditions.java:304)
    at org.openqa.selenium.support.ui.ExpectedConditions$10.apply(ExpectedConditions.java:290)
    at org.openqa.selenium.support.ui.ExpectedConditions$10.apply(ExpectedConditions.java:287)
    at org.openqa.selenium.support.ui.FluentWait.until(FluentWait.java:204)
    ... 30 more
    ... Removed 28 stack frames</div>
</div>
<p class="totop"><a href="#summary">back to summary</a></p>
<h2 id="m8">frontendtests.CheckoutOrderFunctionalTest:checkoutOrderAsGuest</h2>
<div>
<div class="stacktrace">org.openqa.selenium.TimeoutException: Expected condition failed: waiting for visibility of Proxy
    element for: DefaultElementLocator &apos;By.id: onepage-guest-register-button&apos; (tried for 200 second(s) with
    500 milliseconds interval)
    at org.openqa.selenium.support.ui.WebDriverWait.timeoutException(WebDriverWait.java:84)
    at org.openqa.selenium.support.ui.FluentWait.until(FluentWait.java:229)
    at com.unitedcoder.commonuse.FunctionLibrary.waitForElementPresent(FunctionLibrary.java:38)
    at com.unitedcoder.frontend.PublicPage.selectCheckoutMethod(PublicPage.java:292)
    at com.unitedcoder.frontend.PublicPage.checkoutMyOrderWithoutLogin(PublicPage.java:387)
    at frontendtests.CheckoutOrderFunctionalTest.checkoutOrderAsGuest(CheckoutOrderFunctionalTest.java:26)
    at java.base/java.util.ArrayList.forEach(ArrayList.java:1511)
    at com.intellij.rt.testng.IDEARemoteTestNG.run(IDEARemoteTestNG.java:66)
    at com.intellij.rt.testng.RemoteTestNGStarter.main(RemoteTestNGStarter.java:109)
    Caused by: org.openqa.selenium.NoSuchElementException: no such element: Unable to locate element: {&quot;method&quot;:&quot;css
    selector&quot;,&quot;selector&quot;:&quot;#onepage\-guest\-register\-button&quot;}
    (Session info: chrome=120.0.6099.62)
    For documentation on this error, please visit:
    https://www.selenium.dev/documentation/webdriver/troubleshooting/errors#no-such-element-exception
    Build info: version: &apos;4.15.0&apos;, revision: &apos;1d14b5521b&apos;
    System info: os.name: &apos;Mac OS X&apos;, os.arch: &apos;aarch64&apos;, os.version: &apos;13.4.1&apos;,
    java.version: &apos;17.0.6&apos;
    Driver info: org.openqa.selenium.chrome.ChromeDriver
    Command: [2ceed95841d1efff13d405334e4eaa8e, findElement {using=id, value=onepage-guest-register-button}]
    Capabilities {acceptInsecureCerts: false, browserName: chrome, browserVersion: 120.0.6099.62, chrome:
    {chromedriverVersion: 120.0.6099.62 (93ab19d804d4..., userDataDir: /var/folders/88/ygc28wfx1hb...}, fedcm:accounts:
    true, goog:chromeOptions: {debuggerAddress: localhost:53611}, networkConnectionEnabled: false, pageLoadStrategy:
    normal, platformName: mac, proxy: Proxy(), se:cdp: ws://localhost:53611/devtoo..., se:cdpVersion: 120.0.6099.62,
    setWindowRect: true, strictFileInteractability: false, timeouts: {implicit: 0, pageLoad: 300000, script: 30000},
    unhandledPromptBehavior: dismiss and notify, webauthn:extension:credBlob: true, webauthn:extension:largeBlob: true,
    webauthn:extension:minPinLength: true, webauthn:extension:prf: true, webauthn:virtualAuthenticators: true}
    Session ID: 2ceed95841d1efff13d405334e4eaa8e
    at org.openqa.selenium.remote.codec.w3c.W3CHttpResponseCodec.createException(W3CHttpResponseCodec.java:200)
    at org.openqa.selenium.remote.codec.w3c.W3CHttpResponseCodec.decode(W3CHttpResponseCodec.java:133)
    at org.openqa.selenium.remote.codec.w3c.W3CHttpResponseCodec.decode(W3CHttpResponseCodec.java:52)
    at org.openqa.selenium.remote.HttpCommandExecutor.execute(HttpCommandExecutor.java:191)
    at org.openqa.selenium.remote.service.DriverCommandExecutor.invokeExecute(DriverCommandExecutor.java:200)
    at org.openqa.selenium.remote.service.DriverCommandExecutor.execute(DriverCommandExecutor.java:175)
    at org.openqa.selenium.remote.RemoteWebDriver.execute(RemoteWebDriver.java:607)
    at org.openqa.selenium.remote.ElementLocation$ElementFinder$2.findElement(ElementLocation.java:165)
    at org.openqa.selenium.remote.ElementLocation.findElement(ElementLocation.java:59)
    at org.openqa.selenium.remote.RemoteWebDriver.findElement(RemoteWebDriver.java:364)
    at org.openqa.selenium.remote.RemoteWebDriver.findElement(RemoteWebDriver.java:358)
    at org.openqa.selenium.support.pagefactory.DefaultElementLocator.findElement(DefaultElementLocator.java:68)
    at org.openqa.selenium.support.pagefactory.internal.LocatingElementHandler.invoke(LocatingElementHandler.java:38)
    at jdk.proxy2/jdk.proxy2.$Proxy11.isDisplayed(Unknown Source)
    at org.openqa.selenium.support.ui.ExpectedConditions.elementIfVisible(ExpectedConditions.java:304)
    at org.openqa.selenium.support.ui.ExpectedConditions$10.apply(ExpectedConditions.java:290)
    at org.openqa.selenium.support.ui.ExpectedConditions$10.apply(ExpectedConditions.java:287)
    at org.openqa.selenium.support.ui.FluentWait.until(FluentWait.java:204)
    ... 31 more
    ... Removed 28 stack frames</div>
</div>
<p class="totop"><a href="#summary">back to summary</a></p>
<h2 id="m9">frontendtests.CheckoutOrderFunctionalTest:checkoutOrderAfterNewlyRegister</h2>
<div>
<div class="stacktrace">org.openqa.selenium.TimeoutException: Expected condition failed: waiting for visibility of Proxy
    element for: DefaultElementLocator &apos;By.id: firstname&apos; (tried for 200 second(s) with 500 milliseconds
    interval)
    at org.openqa.selenium.support.ui.WebDriverWait.timeoutException(WebDriverWait.java:84)
    at org.openqa.selenium.support.ui.FluentWait.until(FluentWait.java:229)
    at com.unitedcoder.commonuse.FunctionLibrary.waitForElementPresent(FunctionLibrary.java:38)
    at com.unitedcoder.frontend.PublicPage.createAccount(PublicPage.java:195)
    at frontendtests.CheckoutOrderFunctionalTest.checkoutOrderAfterNewlyRegister(CheckoutOrderFunctionalTest.java:58)
    at java.base/java.util.ArrayList.forEach(ArrayList.java:1511)
    at com.intellij.rt.testng.IDEARemoteTestNG.run(IDEARemoteTestNG.java:66)
    at com.intellij.rt.testng.RemoteTestNGStarter.main(RemoteTestNGStarter.java:109)
    Caused by: org.openqa.selenium.NoSuchElementException: no such element: Unable to locate element: {&quot;method&quot;:&quot;css
    selector&quot;,&quot;selector&quot;:&quot;#firstname&quot;}
    (Session info: chrome=120.0.6099.62)
    For documentation on this error, please visit:
    https://www.selenium.dev/documentation/webdriver/troubleshooting/errors#no-such-element-exception
    Build info: version: &apos;4.15.0&apos;, revision: &apos;1d14b5521b&apos;
    System info: os.name: &apos;Mac OS X&apos;, os.arch: &apos;aarch64&apos;, os.version: &apos;13.4.1&apos;,
    java.version: &apos;17.0.6&apos;
    Driver info: org.openqa.selenium.chrome.ChromeDriver
    Command: [2ceed95841d1efff13d405334e4eaa8e, findElement {using=id, value=firstname}]
    Capabilities {acceptInsecureCerts: false, browserName: chrome, browserVersion: 120.0.6099.62, chrome:
    {chromedriverVersion: 120.0.6099.62 (93ab19d804d4..., userDataDir: /var/folders/88/ygc28wfx1hb...}, fedcm:accounts:
    true, goog:chromeOptions: {debuggerAddress: localhost:53611}, networkConnectionEnabled: false, pageLoadStrategy:
    normal, platformName: mac, proxy: Proxy(), se:cdp: ws://localhost:53611/devtoo..., se:cdpVersion: 120.0.6099.62,
    setWindowRect: true, strictFileInteractability: false, timeouts: {implicit: 0, pageLoad: 300000, script: 30000},
    unhandledPromptBehavior: dismiss and notify, webauthn:extension:credBlob: true, webauthn:extension:largeBlob: true,
    webauthn:extension:minPinLength: true, webauthn:extension:prf: true, webauthn:virtualAuthenticators: true}
    Session ID: 2ceed95841d1efff13d405334e4eaa8e
    at org.openqa.selenium.remote.codec.w3c.W3CHttpResponseCodec.createException(W3CHttpResponseCodec.java:200)
    at org.openqa.selenium.remote.codec.w3c.W3CHttpResponseCodec.decode(W3CHttpResponseCodec.java:133)
    at org.openqa.selenium.remote.codec.w3c.W3CHttpResponseCodec.decode(W3CHttpResponseCodec.java:52)
    at org.openqa.selenium.remote.HttpCommandExecutor.execute(HttpCommandExecutor.java:191)
    at org.openqa.selenium.remote.service.DriverCommandExecutor.invokeExecute(DriverCommandExecutor.java:200)
    at org.openqa.selenium.remote.service.DriverCommandExecutor.execute(DriverCommandExecutor.java:175)
    at org.openqa.selenium.remote.RemoteWebDriver.execute(RemoteWebDriver.java:607)
    at org.openqa.selenium.remote.ElementLocation$ElementFinder$2.findElement(ElementLocation.java:165)
    at org.openqa.selenium.remote.ElementLocation.findElement(ElementLocation.java:59)
    at org.openqa.selenium.remote.RemoteWebDriver.findElement(RemoteWebDriver.java:364)
    at org.openqa.selenium.remote.RemoteWebDriver.findElement(RemoteWebDriver.java:358)
    at org.openqa.selenium.support.pagefactory.DefaultElementLocator.findElement(DefaultElementLocator.java:68)
    at org.openqa.selenium.support.pagefactory.internal.LocatingElementHandler.invoke(LocatingElementHandler.java:38)
    at jdk.proxy2/jdk.proxy2.$Proxy11.isDisplayed(Unknown Source)
    at org.openqa.selenium.support.ui.ExpectedConditions.elementIfVisible(ExpectedConditions.java:304)
    at org.openqa.selenium.support.ui.ExpectedConditions$10.apply(ExpectedConditions.java:290)
    at org.openqa.selenium.support.ui.ExpectedConditions$10.apply(ExpectedConditions.java:287)
    at org.openqa.selenium.support.ui.FluentWait.until(FluentWait.java:204)
    ... 30 more
    ... Removed 28 stack frames</div>
</div>
<p class="totop"><a href="#summary">back to summary</a></p>
<h2 id="m10">frontendtests.CheckoutOrderFunctionalTest:checkoutOrderAfterLogin</h2>
<div>
<div class="stacktrace">org.openqa.selenium.TimeoutException: Expected condition failed: waiting for visibility of Proxy
    element for: DefaultElementLocator &apos;By.xpath: //div[@class=&apos;page-title&apos;]//*[contains(text(),&apos;Your
    order has been received&apos;)]&apos; (tried for 200 second(s) with 500 milliseconds interval)
    at org.openqa.selenium.support.ui.WebDriverWait.timeoutException(WebDriverWait.java:84)
    at org.openqa.selenium.support.ui.FluentWait.until(FluentWait.java:229)
    at com.unitedcoder.commonuse.FunctionLibrary.waitForElementPresent(FunctionLibrary.java:38)
    at com.unitedcoder.frontend.PublicPage.provideShippingAndPaymentInfo(PublicPage.java:375)
    at com.unitedcoder.frontend.PublicPage.checkOutMyOrderAfterLogin(PublicPage.java:416)
    at frontendtests.CheckoutOrderFunctionalTest.checkoutOrderAfterLogin(CheckoutOrderFunctionalTest.java:50)
    at java.base/java.util.ArrayList.forEach(ArrayList.java:1511)
    at com.intellij.rt.testng.IDEARemoteTestNG.run(IDEARemoteTestNG.java:66)
    at com.intellij.rt.testng.RemoteTestNGStarter.main(RemoteTestNGStarter.java:109)
    Caused by: org.openqa.selenium.NoSuchElementException: no such element: Unable to locate element: {&quot;method&quot;:&quot;xpath&quot;,&quot;selector&quot;:&quot;//div[@class=&apos;page-title&apos;]//*[contains(text(),&apos;Your
    order has been received&apos;)]&quot;}
    (Session info: chrome=120.0.6099.62)
    For documentation on this error, please visit:
    https://www.selenium.dev/documentation/webdriver/troubleshooting/errors#no-such-element-exception
    Build info: version: &apos;4.15.0&apos;, revision: &apos;1d14b5521b&apos;
    System info: os.name: &apos;Mac OS X&apos;, os.arch: &apos;aarch64&apos;, os.version: &apos;13.4.1&apos;,
    java.version: &apos;17.0.6&apos;
    Driver info: org.openqa.selenium.chrome.ChromeDriver
    Command: [2ceed95841d1efff13d405334e4eaa8e, findElement {using=xpath, value=//div[@class=&apos;page-title&apos;]//*[contains(text(),&apos;Your
    order has been received&apos;)]}]
    Capabilities {acceptInsecureCerts: false, browserName: chrome, browserVersion: 120.0.6099.62, chrome:
    {chromedriverVersion: 120.0.6099.62 (93ab19d804d4..., userDataDir: /var/folders/88/ygc28wfx1hb...}, fedcm:accounts:
    true, goog:chromeOptions: {debuggerAddress: localhost:53611}, networkConnectionEnabled: false, pageLoadStrategy:
    normal, platformName: mac, proxy: Proxy(), se:cdp: ws://localhost:53611/devtoo..., se:cdpVersion: 120.0.6099.62,
    setWindowRect: true, strictFileInteractability: false, timeouts: {implicit: 0, pageLoad: 300000, script: 30000},
    unhandledPromptBehavior: dismiss and notify, webauthn:extension:credBlob: true, webauthn:extension:largeBlob: true,
    webauthn:extension:minPinLength: true, webauthn:extension:prf: true, webauthn:virtualAuthenticators: true}
    Session ID: 2ceed95841d1efff13d405334e4eaa8e
    at org.openqa.selenium.remote.codec.w3c.W3CHttpResponseCodec.createException(W3CHttpResponseCodec.java:200)
    at org.openqa.selenium.remote.codec.w3c.W3CHttpResponseCodec.decode(W3CHttpResponseCodec.java:133)
    at org.openqa.selenium.remote.codec.w3c.W3CHttpResponseCodec.decode(W3CHttpResponseCodec.java:52)
    at org.openqa.selenium.remote.HttpCommandExecutor.execute(HttpCommandExecutor.java:191)
    at org.openqa.selenium.remote.service.DriverCommandExecutor.invokeExecute(DriverCommandExecutor.java:200)
    at org.openqa.selenium.remote.service.DriverCommandExecutor.execute(DriverCommandExecutor.java:175)
    at org.openqa.selenium.remote.RemoteWebDriver.execute(RemoteWebDriver.java:607)
    at org.openqa.selenium.remote.ElementLocation$ElementFinder$2.findElement(ElementLocation.java:165)
    at org.openqa.selenium.remote.ElementLocation.findElement(ElementLocation.java:59)
    at org.openqa.selenium.remote.RemoteWebDriver.findElement(RemoteWebDriver.java:364)
    at org.openqa.selenium.remote.RemoteWebDriver.findElement(RemoteWebDriver.java:358)
    at org.openqa.selenium.support.pagefactory.DefaultElementLocator.findElement(DefaultElementLocator.java:68)
    at org.openqa.selenium.support.pagefactory.internal.LocatingElementHandler.invoke(LocatingElementHandler.java:38)
    at jdk.proxy2/jdk.proxy2.$Proxy11.isDisplayed(Unknown Source)
    at org.openqa.selenium.support.ui.ExpectedConditions.elementIfVisible(ExpectedConditions.java:304)
    at org.openqa.selenium.support.ui.ExpectedConditions$10.apply(ExpectedConditions.java:290)
    at org.openqa.selenium.support.ui.ExpectedConditions$10.apply(ExpectedConditions.java:287)
    at org.openqa.selenium.support.ui.FluentWait.until(FluentWait.java:204)
    ... 31 more
    ... Removed 28 stack frames</div>
</div>
<p class="totop"><a href="#summary">back to summary</a></p>
</body></html>
